<?xml version="1.0" encoding="UTF-8"?>
<!-- Generated by org.testng.reporters.JUnitReportReporter -->
<testsuite skipped="0" hostname="LAPTOP-9GC8FVK3" name="openBrowser.NewTest" tests="1" failures="0" timestamp="03 十二月 2017 14:05:27 GMT" time="0.003" errors="0">
  <testcase name="hello" time="0.003" classname="openBrowser.NewTest"/>
</testsuite> <!-- openBrowser.NewTest -->
